# JRE version: OpenJDK Runtime Environment AdoptOpenJDK (15.0.2+7) (build 15.0.2+7)
# Java VM: OpenJDK 64-Bit Server VM AdoptOpenJDK (15.0.2+7, mixed mode, sharing, tiered, compressed oops, g1 gc, windows-amd64)
GC Precious Log:
 CPUs: 2 total, 2 available
 Memory: 2038M
 Large Page Support: Disabled
 NUMA Support: Disabled
 Compressed Oops: Enabled (Zero based)
 Heap Region Size: 2M
 Heap Min Capacity: 200M
 Heap Initial Capacity: 200M
 Heap Max Capacity: 3G
 Pre-touch: Disabled
 Parallel Workers: 2
 Concurrent Workers: 1
 Concurrent Refinement Workers: 2
 Periodic GC: Disabled
Heap:
 garbage-first heap   total 1656832K, used 117956K [0x0000000740000000, 0x0000000800000000)
  region size 2048K, 2 young (4096K), 2 survivors (4096K)
 Metaspace       used 5401K, capacity 7696K, committed 7936K, reserved 1056768K
  class space    used 380K, capacity 645K, committed 768K, reserved 1048576K
GC Heap History (20 events):
Event: 10.396 GC heap after
{Heap after GC invocations=11 (full 0):
 garbage-first heap   total 737280K, used 91136K [0x0000000740000000, 0x0000000800000000)
  region size 2048K, 4 young (8192K), 4 survivors (8192K)
 Metaspace       used 1768K, capacity 5310K, committed 5376K, reserved 1056768K
  class space    used 158K, capacity 490K, committed 512K, reserved 1048576K
}
Event: 11.282 GC heap before
{Heap before GC invocations=11 (full 0):
 garbage-first heap   total 737280K, used 154624K [0x0000000740000000, 0x0000000800000000)
  region size 2048K, 35 young (71680K), 4 survivors (8192K)
 Metaspace       used 1802K, capacity 5374K, committed 5632K, reserved 1056768K
  class space    used 160K, capacity 490K, committed 512K, reserved 1048576K
}
Event: 11.365 GC heap after
{Heap after GC invocations=12 (full 0):
 garbage-first heap   total 737280K, used 108544K [0x0000000740000000, 0x0000000800000000)
  region size 2048K, 5 young (10240K), 5 survivors (10240K)
 Metaspace       used 1802K, capacity 5374K, committed 5632K, reserved 1056768K
  class space    used 160K, capacity 490K, committed 512K, reserved 1048576K
}
Event: 19.396 GC heap before
{Heap before GC invocations=12 (full 0):
 garbage-first heap   total 737280K, used 387072K [0x0000000740000000, 0x0000000800000000)
  region size 2048K, 34 young (69632K), 5 survivors (10240K)
 Metaspace       used 4159K, capacity 6927K, committed 7040K, reserved 1056768K
  class space    used 335K, capacity 602K, committed 640K, reserved 1048576K
}
Event: 20.629 GC heap after
{Heap after GC invocations=13 (full 0):
 garbage-first heap   total 962560K, used 116671K [0x0000000740000000, 0x0000000800000000)
  region size 2048K, 4 young (8192K), 4 survivors (8192K)
 Metaspace       used 4159K, capacity 6927K, committed 7040K, reserved 1056768K
  class space    used 335K, capacity 602K, committed 640K, reserved 1048576K
}
Event: 24.795 GC heap before
{Heap before GC invocations=13 (full 0):
 garbage-first heap   total 962560K, used 225215K [0x0000000740000000, 0x0000000800000000)
  region size 2048K, 23 young (47104K), 4 survivors (8192K)
 Metaspace       used 4583K, capacity 7184K, committed 7424K, reserved 1056768K
  class space    used 370K, capacity 645K, committed 768K, reserved 1048576K
}
Event: 25.278 GC heap after
{Heap after GC invocations=14 (full 0):
 garbage-first heap   total 962560K, used 121081K [0x0000000740000000, 0x0000000800000000)
  region size 2048K, 1 young (2048K), 1 survivors (2048K)
 Metaspace       used 4583K, capacity 7184K, committed 7424K, reserved 1056768K
  class space    used 370K, capacity 645K, committed 768K, reserved 1048576K
}
Event: 27.944 GC heap before
{Heap before GC invocations=14 (full 0):
 garbage-first heap   total 962560K, used 297209K [0x0000000740000000, 0x0000000800000000)
  region size 2048K, 23 young (47104K), 1 survivors (2048K)
 Metaspace       used 4777K, capacity 7312K, committed 7680K, reserved 1056768K
  class space    used 371K, capacity 645K, committed 768K, reserved 1048576K
}
Event: 27.949 GC heap after
{Heap after GC invocations=15 (full 0):
 garbage-first heap   total 962560K, used 121133K [0x0000000740000000, 0x0000000800000000)
  region size 2048K, 1 young (2048K), 1 survivors (2048K)
 Metaspace       used 4777K, capacity 7312K, committed 7680K, reserved 1056768K
  class space    used 371K, capacity 645K, committed 768K, reserved 1048576K
}
Event: 28.804 GC heap before
{Heap before GC invocations=15 (full 0):
 garbage-first heap   total 962560K, used 260397K [0x0000000740000000, 0x0000000800000000)
  region size 2048K, 23 young (47104K), 1 survivors (2048K)
 Metaspace       used 4876K, capacity 7440K, committed 7680K, reserved 1056768K
  class space    used 374K, capacity 645K, committed 768K, reserved 1048576K
}
Event: 28.810 GC heap after
{Heap after GC invocations=16 (full 0):
 garbage-first heap   total 962560K, used 118000K [0x0000000740000000, 0x0000000800000000)
  region size 2048K, 2 young (4096K), 2 survivors (4096K)
 Metaspace       used 4876K, capacity 7440K, committed 7680K, reserved 1056768K
  class space    used 374K, capacity 645K, committed 768K, reserved 1048576K
}
Event: 29.198 GC heap before
{Heap before GC invocations=16 (full 0):
 garbage-first heap   total 962560K, used 206064K [0x0000000740000000, 0x0000000800000000)
  region size 2048K, 26 young (53248K), 2 survivors (4096K)
 Metaspace       used 4911K, capacity 7440K, committed 7680K, reserved 1056768K
  class space    used 374K, capacity 645K, committed 768K, reserved 1048576K
}
Event: 29.216 GC heap after
{Heap after GC invocations=17 (full 0):
 garbage-first heap   total 962560K, used 119808K [0x0000000740000000, 0x0000000800000000)
  region size 2048K, 2 young (4096K), 2 survivors (4096K)
 Metaspace       used 4911K, capacity 7440K, committed 7680K, reserved 1056768K
  class space    used 374K, capacity 645K, committed 768K, reserved 1048576K
}
Event: 37.686 GC heap before
{Heap before GC invocations=17 (full 0):
 garbage-first heap   total 962560K, used 453632K [0x0000000740000000, 0x0000000800000000)
  region size 2048K, 40 young (81920K), 2 survivors (4096K)
 Metaspace       used 5074K, capacity 7504K, committed 7680K, reserved 1056768K
  class space    used 377K, capacity 645K, committed 768K, reserved 1048576K
}
Event: 37.850 GC heap after
{Heap after GC invocations=18 (full 0):
 garbage-first heap   total 962560K, used 118099K [0x0000000740000000, 0x0000000800000000)
  region size 2048K, 2 young (4096K), 2 survivors (4096K)
 Metaspace       used 5074K, capacity 7504K, committed 7680K, reserved 1056768K
  class space    used 377K, capacity 645K, committed 768K, reserved 1048576K
}
Event: 41.375 GC heap before
{Heap before GC invocations=18 (full 0):
 garbage-first heap   total 962560K, used 482643K [0x0000000740000000, 0x0000000800000000)
  region size 2048K, 27 young (55296K), 2 survivors (4096K)
 Metaspace       used 5122K, capacity 7568K, committed 7936K, reserved 1056768K
  class space    used 378K, capacity 645K, committed 768K, reserved 1048576K
}
Event: 41.563 GC heap after
{Heap after GC invocations=19 (full 0):
 garbage-first heap   total 962560K, used 117991K [0x0000000740000000, 0x0000000800000000)
  region size 2048K, 2 young (4096K), 2 survivors (4096K)
 Metaspace       used 5122K, capacity 7568K, committed 7936K, reserved 1056768K
  class space    used 378K, capacity 645K, committed 768K, reserved 1048576K
}
Event: 75.724 GC heap before
{Heap before GC invocations=19 (full 0):
 garbage-first heap   total 978944K, used 976103K [0x0000000740000000, 0x0000000800000000)
  region size 2048K, 93 young (190464K), 2 survivors (4096K)
 Metaspace       used 5394K, capacity 7696K, committed 7936K, reserved 1056768K
  class space    used 380K, capacity 645K, committed 768K, reserved 1048576K
}
Event: 76.560 GC heap after
{Heap after GC invocations=20 (full 0):
 garbage-first heap   total 983040K, used 117974K [0x0000000740000000, 0x0000000800000000)
  region size 2048K, 2 young (4096K), 2 survivors (4096K)
 Metaspace       used 5394K, capacity 7696K, committed 7936K, reserved 1056768K
  class space    used 380K, capacity 645K, committed 768K, reserved 1048576K
}
Event: 82.138 GC heap before
{Heap before GC invocations=20 (full 0):
 garbage-first heap   total 983040K, used 402646K [0x0000000740000000, 0x0000000800000000)
  region size 2048K, 24 young (49152K), 2 survivors (4096K)
 Metaspace       used 5401K, capacity 7696K, committed 7936K, reserved 1056768K
  class space    used 380K, capacity 645K, committed 768K, reserved 1048576K
}

